2018-05-08 11:33:42.647  INFO 7256 --- [http-nio-8763-exec-10] s.c.a.AnnotationConfigApplicationContext : Refreshing org.springframework.context.annotation.AnnotationConfigApplicationContext@58996442: startup date [Tue May 08 11:33:42 CST 2018]; root of context hierarchy
2018-05-08 11:33:42.654  INFO 7256 --- [http-nio-8763-exec-10] f.a.AutowiredAnnotationBeanPostProcessor : JSR-330 'javax.inject.Inject' annotation found and supported for autowiring
2018-05-08 11:33:42.663  INFO 7256 --- [http-nio-8763-exec-10] o.s.c.c.s.e.NativeEnvironmentRepository  : Adding property source: classpath:/zuul-gateway/application-dev.yml
2018-05-08 11:33:42.663  INFO 7256 --- [http-nio-8763-exec-10] s.c.a.AnnotationConfigApplicationContext : Closing org.springframework.context.annotation.AnnotationConfigApplicationContext@58996442: startup date [Tue May 08 11:33:42 CST 2018]; root of context hierarchy
2018-05-08 11:33:54.013  INFO 7256 --- [http-nio-8763-exec-9] s.c.a.AnnotationConfigApplicationContext : Refreshing org.springframework.context.annotation.AnnotationConfigApplicationContext@6994ba88: startup date [Tue May 08 11:33:54 CST 2018]; root of context hierarchy
2018-05-08 11:33:54.017  INFO 7256 --- [http-nio-8763-exec-9] f.a.AutowiredAnnotationBeanPostProcessor : JSR-330 'javax.inject.Inject' annotation found and supported for autowiring
2018-05-08 11:33:54.024  INFO 7256 --- [http-nio-8763-exec-9] o.s.c.c.s.e.NativeEnvironmentRepository  : Adding property source: classpath:/zuul-gateway/application-dev.yml
2018-05-08 11:33:54.024  INFO 7256 --- [http-nio-8763-exec-9] s.c.a.AnnotationConfigApplicationContext : Closing org.springframework.context.annotation.AnnotationConfigApplicationContext@6994ba88: startup date [Tue May 08 11:33:54 CST 2018]; root of context hierarchy
2018-05-08 11:36:42.661  INFO 7256 --- [AsyncResolver-bootstrap-executor-0] c.n.d.s.r.aws.ConfigClusterResolver      : Resolving eureka endpoints via configuration
2018-05-08 11:41:42.662  INFO 7256 --- [AsyncResolver-bootstrap-executor-0] c.n.d.s.r.aws.ConfigClusterResolver      : Resolving eureka endpoints via configuration
2018-05-08 11:46:42.664  INFO 7256 --- [AsyncResolver-bootstrap-executor-0] c.n.d.s.r.aws.ConfigClusterResolver      : Resolving eureka endpoints via configuration
2018-05-08 11:51:42.667  INFO 7256 --- [AsyncResolver-bootstrap-executor-0] c.n.d.s.r.aws.ConfigClusterResolver      : Resolving eureka endpoints via configuration
2018-05-08 11:56:42.668  INFO 7256 --- [AsyncResolver-bootstrap-executor-0] c.n.d.s.r.aws.ConfigClusterResolver      : Resolving eureka endpoints via configuration
2018-05-08 12:01:42.669  INFO 7256 --- [AsyncResolver-bootstrap-executor-0] c.n.d.s.r.aws.ConfigClusterResolver      : Resolving eureka endpoints via configuration
2018-05-08 12:06:42.671  INFO 7256 --- [AsyncResolver-bootstrap-executor-0] c.n.d.s.r.aws.ConfigClusterResolver      : Resolving eureka endpoints via configuration
2018-05-08 12:11:42.673  INFO 7256 --- [AsyncResolver-bootstrap-executor-0] c.n.d.s.r.aws.ConfigClusterResolver      : Resolving eureka endpoints via configuration
2018-05-08 12:16:42.675  INFO 7256 --- [AsyncResolver-bootstrap-executor-0] c.n.d.s.r.aws.ConfigClusterResolver      : Resolving eureka endpoints via configuration
2018-05-08 12:21:42.677  INFO 7256 --- [AsyncResolver-bootstrap-executor-0] c.n.d.s.r.aws.ConfigClusterResolver      : Resolving eureka endpoints via configuration
2018-05-08 12:26:42.678  INFO 7256 --- [AsyncResolver-bootstrap-executor-0] c.n.d.s.r.aws.ConfigClusterResolver      : Resolving eureka endpoints via configuration
2018-05-08 12:31:42.679  INFO 7256 --- [AsyncResolver-bootstrap-executor-0] c.n.d.s.r.aws.ConfigClusterResolver      : Resolving eureka endpoints via configuration
2018-05-08 12:36:42.681  INFO 7256 --- [AsyncResolver-bootstrap-executor-0] c.n.d.s.r.aws.ConfigClusterResolver      : Resolving eureka endpoints via configuration
2018-05-08 12:41:42.682  INFO 7256 --- [AsyncResolver-bootstrap-executor-0] c.n.d.s.r.aws.ConfigClusterResolver      : Resolving eureka endpoints via configuration
2018-05-08 12:46:42.683  INFO 7256 --- [AsyncResolver-bootstrap-executor-0] c.n.d.s.r.aws.ConfigClusterResolver      : Resolving eureka endpoints via configuration
2018-05-08 12:51:42.683  INFO 7256 --- [AsyncResolver-bootstrap-executor-0] c.n.d.s.r.aws.ConfigClusterResolver      : Resolving eureka endpoints via configuration
2018-05-08 12:53:10.487  INFO 7256 --- [http-nio-8763-exec-2] s.c.a.AnnotationConfigApplicationContext : Refreshing org.springframework.context.annotation.AnnotationConfigApplicationContext@f664db6: startup date [Tue May 08 12:53:10 CST 2018]; root of context hierarchy
2018-05-08 12:53:10.497  INFO 7256 --- [http-nio-8763-exec-2] f.a.AutowiredAnnotationBeanPostProcessor : JSR-330 'javax.inject.Inject' annotation found and supported for autowiring
2018-05-08 12:53:10.512  INFO 7256 --- [http-nio-8763-exec-2] s.c.a.AnnotationConfigApplicationContext : Closing org.springframework.context.annotation.AnnotationConfigApplicationContext@f664db6: startup date [Tue May 08 12:53:10 CST 2018]; root of context hierarchy
2018-05-08 12:56:42.684  INFO 7256 --- [AsyncResolver-bootstrap-executor-0] c.n.d.s.r.aws.ConfigClusterResolver      : Resolving eureka endpoints via configuration
2018-05-08 13:01:21.133  INFO 7256 --- [http-nio-8763-exec-3] s.c.a.AnnotationConfigApplicationContext : Refreshing org.springframework.context.annotation.AnnotationConfigApplicationContext@557c4f58: startup date [Tue May 08 13:01:21 CST 2018]; root of context hierarchy
2018-05-08 13:01:21.138  INFO 7256 --- [http-nio-8763-exec-3] f.a.AutowiredAnnotationBeanPostProcessor : JSR-330 'javax.inject.Inject' annotation found and supported for autowiring
2018-05-08 13:01:21.148  INFO 7256 --- [http-nio-8763-exec-3] s.c.a.AnnotationConfigApplicationContext : Closing org.springframework.context.annotation.AnnotationConfigApplicationContext@557c4f58: startup date [Tue May 08 13:01:21 CST 2018]; root of context hierarchy
2018-05-08 13:01:42.685  INFO 7256 --- [AsyncResolver-bootstrap-executor-0] c.n.d.s.r.aws.ConfigClusterResolver      : Resolving eureka endpoints via configuration
2018-05-08 13:06:42.686  INFO 7256 --- [AsyncResolver-bootstrap-executor-0] c.n.d.s.r.aws.ConfigClusterResolver      : Resolving eureka endpoints via configuration
2018-05-08 13:11:42.688  INFO 7256 --- [AsyncResolver-bootstrap-executor-0] c.n.d.s.r.aws.ConfigClusterResolver      : Resolving eureka endpoints via configuration
2018-05-08 13:16:42.689  INFO 7256 --- [AsyncResolver-bootstrap-executor-0] c.n.d.s.r.aws.ConfigClusterResolver      : Resolving eureka endpoints via configuration
2018-05-08 13:21:42.691  INFO 7256 --- [AsyncResolver-bootstrap-executor-0] c.n.d.s.r.aws.ConfigClusterResolver      : Resolving eureka endpoints via configuration
2018-05-08 13:26:42.692  INFO 7256 --- [AsyncResolver-bootstrap-executor-0] c.n.d.s.r.aws.ConfigClusterResolver      : Resolving eureka endpoints via configuration
2018-05-08 13:31:42.694  INFO 7256 --- [AsyncResolver-bootstrap-executor-0] c.n.d.s.r.aws.ConfigClusterResolver      : Resolving eureka endpoints via configuration
2018-05-08 13:36:42.695  INFO 7256 --- [AsyncResolver-bootstrap-executor-0] c.n.d.s.r.aws.ConfigClusterResolver      : Resolving eureka endpoints via configuration
2018-05-08 13:41:42.696  INFO 7256 --- [AsyncResolver-bootstrap-executor-0] c.n.d.s.r.aws.ConfigClusterResolver      : Resolving eureka endpoints via configuration
2018-05-08 13:46:42.697  INFO 7256 --- [AsyncResolver-bootstrap-executor-0] c.n.d.s.r.aws.ConfigClusterResolver      : Resolving eureka endpoints via configuration
2018-05-08 13:51:42.699  INFO 7256 --- [AsyncResolver-bootstrap-executor-0] c.n.d.s.r.aws.ConfigClusterResolver      : Resolving eureka endpoints via configuration
